<?xml version="1.0" encoding="UTF-8"?>
<!-- Generated by org.testng.reporters.JUnitReportReporter -->
<testsuite skipped="0" hostname="ARUN-DELL" name="com.TRY.testcases.LoginTest" tests="1" failures="0" timestamp="29 May 2021 08:59:02 GMT" time="0.884" errors="0">
  <testcase name="loginAsManger" time="0.884" classname="com.TRY.testcases.LoginTest"/>
</testsuite> <!-- com.TRY.testcases.LoginTest -->
