<?xml version="1.0" encoding="UTF-8"?>
<!-- Generated by org.testng.reporters.JUnitReportReporter -->
<testsuite skipped="0" hostname="ARUN-DELL" name="com.TRY.testcases.AddCustomerTest" tests="2" failures="0" timestamp="29 May 2021 08:59:02 GMT" time="1.017" errors="0">
  <testcase name="addCustomer" time="0.499" classname="com.TRY.testcases.AddCustomerTest"/>
  <testcase name="addCustomer" time="0.518" classname="com.TRY.testcases.AddCustomerTest"/>
</testsuite> <!-- com.TRY.testcases.AddCustomerTest -->
