<?xml version="1.0" encoding="UTF-8"?>
<!-- Generated by org.testng.reporters.JUnitReportReporter -->
<testsuite hostname="ARUN-DELL" failures="0" tests="1" name="com.TRY.testcases.OpenAccountTest" time="1.029" errors="0" timestamp="20 Jun 2021 10:05:41 GMT" skipped="0">
  <testcase classname="com.TRY.testcases.OpenAccountTest" name="openAccTest" time="1.029"/>
</testsuite> <!-- com.TRY.testcases.OpenAccountTest -->
