<?xml version="1.0" encoding="UTF-8"?>
<!-- Generated by org.testng.reporters.JUnitReportReporter -->
<testsuite hostname="ARUN-DELL" failures="0" tests="1" name="com.TRY.testcases.LoginTest" time="0.295" errors="0" timestamp="20 Jun 2021 10:05:41 GMT" skipped="0">
  <testcase classname="com.TRY.testcases.LoginTest" name="loginAsManger" time="0.295"/>
</testsuite> <!-- com.TRY.testcases.LoginTest -->
