<?xml version="1.0" encoding="UTF-8"?>
<!-- Generated by org.testng.reporters.JUnitReportReporter -->
<testsuite hostname="ARUN-DELL" failures="0" tests="2" name="com.TRY.testcases.AddCustomerTest" time="0.971" errors="0" timestamp="20 Jun 2021 14:39:12 GMT" skipped="0">
  <testcase classname="com.TRY.testcases.AddCustomerTest" name="addCustomer" time="0.460"/>
  <testcase classname="com.TRY.testcases.AddCustomerTest" name="addCustomer" time="0.511"/>
</testsuite> <!-- com.TRY.testcases.AddCustomerTest -->
